<?xml version="1.0" encoding="UTF-8"?>
<testng-results ignored="0" total="2" passed="2" failed="0" skipped="0">
  <reporter-output>
  </reporter-output>
  <suite started-at="2024-03-13T11:49:27 IST" name="Suite" finished-at="2024-03-13T11:50:10 IST" duration-ms="42774">
    <groups>
    </groups>
    <test started-at="2024-03-13T11:49:27 IST" name="Test" finished-at="2024-03-13T11:50:10 IST" duration-ms="42774">
      <class name="com.hrms.testscrips.TC001_LL">
        <test-method signature="tc001()[pri:0, instance:com.hrms.testscrips.TC001_LL@76a4d6c]" started-at="2024-03-13T11:49:27 IST" name="tc001" finished-at="2024-03-13T11:50:01 IST" duration-ms="33764" status="PASS">
          <reporter-output>
          </reporter-output>
        </test-method> <!-- tc001 -->
      </class> <!-- com.hrms.testscrips.TC001_LL -->
      <class name="com.hrms.testscrips.TC004_EdtEmp">
        <test-method signature="TC004()[pri:0, instance:com.hrms.testscrips.TC004_EdtEmp@17776a8]" started-at="2024-03-13T11:50:01 IST" name="TC004" finished-at="2024-03-13T11:50:10 IST" duration-ms="8956" status="PASS">
          <reporter-output>
          </reporter-output>
        </test-method> <!-- TC004 -->
      </class> <!-- com.hrms.testscrips.TC004_EdtEmp -->
    </test> <!-- Test -->
  </suite> <!-- Suite -->
</testng-results>
